03/06/2020 04:38:30 PM - SeleniumDriver - INFO: Element found with locator: Login and  locatorType: link
03/06/2020 04:38:30 PM - SeleniumDriver - INFO: Clicked on element with locator: Login locatorType: link
03/06/2020 04:38:34 PM - SeleniumDriver - INFO: Element found with locator: user_email and  locatorType: id
03/06/2020 04:38:34 PM - SeleniumDriver - INFO: Sent data on element with locator: user_email locatorType: id
03/06/2020 04:38:35 PM - SeleniumDriver - INFO: Element found with locator: user_password and  locatorType: id
03/06/2020 04:38:35 PM - SeleniumDriver - INFO: Sent data on element with locator: user_password locatorType: id
03/06/2020 04:38:35 PM - SeleniumDriver - INFO: Element found with locator: commit and  locatorType: name
03/06/2020 04:38:39 PM - SeleniumDriver - INFO: Clicked on element with locator: commit locatorType: name
03/06/2020 04:56:52 PM - LoginPage - INFO: Element found with locator: Login and  locatorType: link
03/06/2020 04:56:52 PM - LoginPage - INFO: Clicked on element with locator: Login locatorType: link
03/06/2020 04:56:54 PM - LoginPage - INFO: Element found with locator: user_email and  locatorType: id
03/06/2020 04:56:54 PM - LoginPage - INFO: Sent data on element with locator: user_email locatorType: id
03/06/2020 04:56:54 PM - LoginPage - INFO: Element found with locator: user_password and  locatorType: id
03/06/2020 04:56:55 PM - LoginPage - INFO: Sent data on element with locator: user_password locatorType: id
03/06/2020 04:56:55 PM - LoginPage - INFO: Element found with locator: commit and  locatorType: name
03/06/2020 04:56:58 PM - LoginPage - INFO: Clicked on element with locator: commit locatorType: name
03/06/2020 05:09:25 PM - LoginPage - INFO: Element found with locator: Login and  locatorType: link
03/06/2020 05:09:25 PM - LoginPage - INFO: Clicked on element with locator: Login locatorType: link
03/06/2020 05:09:28 PM - LoginPage - INFO: Element found with locator: user_email and  locatorType: id
03/06/2020 05:09:28 PM - LoginPage - INFO: Element found with locator: user_password and  locatorType: id
03/06/2020 05:09:28 PM - LoginPage - INFO: Element found with locator: user_email and  locatorType: id
03/06/2020 05:09:29 PM - LoginPage - INFO: Sent data on element with locator: user_email locatorType: id
03/06/2020 05:09:29 PM - LoginPage - INFO: Element found with locator: user_password and  locatorType: id
03/06/2020 05:09:29 PM - LoginPage - INFO: Sent data on element with locator: user_password locatorType: id
03/06/2020 05:09:29 PM - LoginPage - INFO: Element found with locator: commit and  locatorType: name
03/06/2020 05:09:33 PM - LoginPage - INFO: Clicked on element with locator: commit locatorType: name
03/06/2020 05:09:40 PM - LoginPage - INFO: Element not found with locator: //*[@id='navbar']//span[text()='User Settings'] and  locatorType: xpath
03/06/2020 05:09:40 PM - LoginPage - INFO: Element not found
03/06/2020 05:13:43 PM - LoginPage - INFO: Element found with locator: Login and  locatorType: link
03/06/2020 05:13:44 PM - LoginPage - INFO: Clicked on element with locator: Login locatorType: link
03/06/2020 05:13:47 PM - LoginPage - INFO: Element found with locator: user_email and  locatorType: id
03/06/2020 05:13:47 PM - LoginPage - INFO: Element found with locator: user_password and  locatorType: id
03/06/2020 05:13:47 PM - LoginPage - INFO: Element found with locator: user_email and  locatorType: id
03/06/2020 05:13:47 PM - LoginPage - INFO: Sent data on element with locator: user_email locatorType: id
03/06/2020 05:13:47 PM - LoginPage - INFO: Element found with locator: user_password and  locatorType: id
03/06/2020 05:13:47 PM - LoginPage - INFO: Sent data on element with locator: user_password locatorType: id
03/06/2020 05:13:47 PM - LoginPage - INFO: Element found with locator: commit and  locatorType: name
03/06/2020 05:13:51 PM - LoginPage - INFO: Clicked on element with locator: commit locatorType: name
03/06/2020 05:13:51 PM - LoginPage - INFO: Element not found with locator: ///img[@class='gravatar'] and  locatorType: xpath
03/06/2020 05:13:51 PM - LoginPage - INFO: Element not found
03/06/2020 05:14:51 PM - LoginPage - INFO: Element found with locator: Login and  locatorType: link
03/06/2020 05:14:51 PM - LoginPage - INFO: Clicked on element with locator: Login locatorType: link
03/06/2020 05:14:53 PM - LoginPage - INFO: Element found with locator: user_email and  locatorType: id
03/06/2020 05:14:54 PM - LoginPage - INFO: Element found with locator: user_password and  locatorType: id
03/06/2020 05:14:54 PM - LoginPage - INFO: Element found with locator: user_email and  locatorType: id
03/06/2020 05:14:54 PM - LoginPage - INFO: Sent data on element with locator: user_email locatorType: id
03/06/2020 05:14:54 PM - LoginPage - INFO: Element found with locator: user_password and  locatorType: id
03/06/2020 05:14:54 PM - LoginPage - INFO: Sent data on element with locator: user_password locatorType: id
03/06/2020 05:14:54 PM - LoginPage - INFO: Element found with locator: commit and  locatorType: name
03/06/2020 05:14:58 PM - LoginPage - INFO: Clicked on element with locator: commit locatorType: name
03/06/2020 05:14:58 PM - LoginPage - INFO: Element not found with locator: ///img[@class='gravatar'] and  locatorType: xpath
03/06/2020 05:14:58 PM - LoginPage - INFO: Element not found
03/07/2020 01:26:35 AM - LoginPage - INFO: Element found with locator: Login and  locatorType: link
03/07/2020 01:26:35 AM - LoginPage - INFO: Clicked on element with locator: Login locatorType: link
03/07/2020 01:26:40 AM - LoginPage - INFO: Element found with locator: user_email and  locatorType: id
03/07/2020 01:26:40 AM - LoginPage - INFO: Element found with locator: user_password and  locatorType: id
03/07/2020 01:26:40 AM - LoginPage - INFO: Element found with locator: user_email and  locatorType: id
03/07/2020 01:26:40 AM - LoginPage - INFO: Sent data on element with locator: user_email locatorType: id
03/07/2020 01:26:40 AM - LoginPage - INFO: Element found with locator: user_password and  locatorType: id
03/07/2020 01:26:40 AM - LoginPage - INFO: Sent data on element with locator: user_password locatorType: id
03/07/2020 01:26:40 AM - LoginPage - INFO: Element found with locator: commit and  locatorType: name
03/07/2020 01:26:43 AM - LoginPage - INFO: Clicked on element with locator: commit locatorType: name
03/07/2020 01:26:43 AM - LoginPage - INFO: Element found with locator: //div[contains(text(),'Invalid email or password')] and  locatorType: xpath
03/07/2020 01:26:43 AM - LoginPage - INFO: Element Found
03/07/2020 01:30:36 AM - LoginPage - INFO: Element found with locator: Login and  locatorType: link
03/07/2020 01:30:40 AM - LoginPage - INFO: Clicked on element with locator: Login locatorType: link
03/07/2020 01:30:40 AM - LoginPage - INFO: Element found with locator: user_email and  locatorType: id
03/07/2020 01:30:40 AM - LoginPage - INFO: Element found with locator: user_password and  locatorType: id
03/07/2020 01:30:40 AM - LoginPage - INFO: Element found with locator: user_email and  locatorType: id
03/07/2020 01:30:41 AM - LoginPage - INFO: Sent data on element with locator: user_email locatorType: id
03/07/2020 01:30:41 AM - LoginPage - INFO: Element found with locator: user_password and  locatorType: id
03/07/2020 01:30:41 AM - LoginPage - INFO: Sent data on element with locator: user_password locatorType: id
03/07/2020 01:30:41 AM - LoginPage - INFO: Element found with locator: commit and  locatorType: name
03/07/2020 01:30:44 AM - LoginPage - INFO: Clicked on element with locator: commit locatorType: name
03/07/2020 01:30:44 AM - LoginPage - INFO: Element found with locator: //div[contains(text(),'Invalid email or password')] and  locatorType: xpath
03/07/2020 01:30:44 AM - LoginPage - INFO: Element Found
03/07/2020 01:32:53 AM - LoginPage - INFO: Element found with locator: Login and  locatorType: link
03/07/2020 01:32:53 AM - LoginPage - INFO: Clicked on element with locator: Login locatorType: link
03/07/2020 01:32:57 AM - LoginPage - INFO: Element found with locator: user_email and  locatorType: id
03/07/2020 01:32:58 AM - LoginPage - INFO: Element found with locator: user_password and  locatorType: id
03/07/2020 01:32:58 AM - LoginPage - INFO: Element found with locator: user_email and  locatorType: id
03/07/2020 01:32:58 AM - LoginPage - INFO: Sent data on element with locator: user_email locatorType: id
03/07/2020 01:32:58 AM - LoginPage - INFO: Element found with locator: user_password and  locatorType: id
03/07/2020 01:32:58 AM - LoginPage - INFO: Sent data on element with locator: user_password locatorType: id
03/07/2020 01:32:58 AM - LoginPage - INFO: Element found with locator: commit and  locatorType: name
03/07/2020 01:33:00 AM - LoginPage - INFO: Clicked on element with locator: commit locatorType: name
03/07/2020 01:33:01 AM - LoginPage - INFO: Element found with locator: //div[contains(text(),'Invalid email or password')] and  locatorType: xpath
03/07/2020 01:33:01 AM - LoginPage - INFO: Element Found
03/07/2020 01:40:32 AM - LoginPage - INFO: Element found with locator: Login and  locatorType: link
03/07/2020 01:40:32 AM - LoginPage - INFO: Clicked on element with locator: Login locatorType: link
03/07/2020 01:40:35 AM - LoginPage - INFO: Element found with locator: user_email and  locatorType: id
03/07/2020 01:40:36 AM - LoginPage - INFO: Element found with locator: user_password and  locatorType: id
03/07/2020 01:40:36 AM - LoginPage - INFO: Element found with locator: user_email and  locatorType: id
03/07/2020 01:40:36 AM - LoginPage - INFO: Sent data on element with locator: user_email locatorType: id
03/07/2020 01:40:36 AM - LoginPage - INFO: Element found with locator: user_password and  locatorType: id
03/07/2020 01:40:36 AM - LoginPage - INFO: Sent data on element with locator: user_password locatorType: id
03/07/2020 01:40:37 AM - LoginPage - INFO: Element found with locator: commit and  locatorType: name
03/07/2020 01:40:40 AM - LoginPage - INFO: Clicked on element with locator: commit locatorType: name
03/07/2020 01:40:40 AM - LoginPage - INFO: Element found with locator: //div[contains(text(),'Invalid email or password')] and  locatorType: xpath
03/07/2020 01:40:40 AM - LoginPage - INFO: Element Found
03/07/2020 01:40:46 AM - LoginPage - INFO: Element not found with locator: Login and  locatorType: link
03/07/2020 01:40:46 AM - LoginPage - INFO: Cannot click on the element with locator: Login locatorType: link
03/07/2020 01:40:46 AM - LoginPage - INFO: Element found with locator: user_email and  locatorType: id
03/07/2020 01:40:46 AM - LoginPage - INFO: Element found with locator: user_password and  locatorType: id
03/07/2020 01:40:46 AM - LoginPage - INFO: Element found with locator: user_email and  locatorType: id
03/07/2020 01:40:46 AM - LoginPage - INFO: Sent data on element with locator: user_email locatorType: id
03/07/2020 01:40:46 AM - LoginPage - INFO: Element found with locator: user_password and  locatorType: id
03/07/2020 01:40:46 AM - LoginPage - INFO: Sent data on element with locator: user_password locatorType: id
03/07/2020 01:40:46 AM - LoginPage - INFO: Element found with locator: commit and  locatorType: name
03/07/2020 01:40:51 AM - LoginPage - INFO: Clicked on element with locator: commit locatorType: name
03/07/2020 01:40:57 AM - LoginPage - INFO: Element not found with locator: //*[@id='navbar']//span[text()='User Settings'] and  locatorType: xpath
03/07/2020 01:40:57 AM - LoginPage - INFO: Element not found
03/07/2020 01:42:18 AM - LoginPage - INFO: Element found with locator: Login and  locatorType: link
03/07/2020 01:42:18 AM - LoginPage - INFO: Clicked on element with locator: Login locatorType: link
03/07/2020 01:42:21 AM - LoginPage - INFO: Element found with locator: user_email and  locatorType: id
03/07/2020 01:42:21 AM - LoginPage - INFO: Element found with locator: user_password and  locatorType: id
03/07/2020 01:42:22 AM - LoginPage - INFO: Element found with locator: user_email and  locatorType: id
03/07/2020 01:42:22 AM - LoginPage - INFO: Sent data on element with locator: user_email locatorType: id
03/07/2020 01:42:22 AM - LoginPage - INFO: Element found with locator: user_password and  locatorType: id
03/07/2020 01:42:22 AM - LoginPage - INFO: Sent data on element with locator: user_password locatorType: id
03/07/2020 01:42:22 AM - LoginPage - INFO: Element found with locator: commit and  locatorType: name
03/07/2020 01:42:25 AM - LoginPage - INFO: Clicked on element with locator: commit locatorType: name
03/07/2020 01:42:25 AM - LoginPage - INFO: Element found with locator: //div[contains(text(),'Invalid email or password')] and  locatorType: xpath
03/07/2020 01:42:25 AM - LoginPage - INFO: Element Found
03/07/2020 01:42:31 AM - LoginPage - INFO: Element not found with locator: Login and  locatorType: link
03/07/2020 01:42:31 AM - LoginPage - INFO: Cannot click on the element with locator: Login locatorType: link
03/07/2020 01:42:31 AM - LoginPage - INFO: Element found with locator: user_email and  locatorType: id
03/07/2020 01:42:31 AM - LoginPage - INFO: Element found with locator: user_password and  locatorType: id
03/07/2020 01:42:32 AM - LoginPage - INFO: Element found with locator: user_email and  locatorType: id
03/07/2020 01:42:32 AM - LoginPage - INFO: Sent data on element with locator: user_email locatorType: id
03/07/2020 01:42:32 AM - LoginPage - INFO: Element found with locator: user_password and  locatorType: id
03/07/2020 01:42:32 AM - LoginPage - INFO: Sent data on element with locator: user_password locatorType: id
03/07/2020 01:42:32 AM - LoginPage - INFO: Element found with locator: commit and  locatorType: name
03/07/2020 01:42:37 AM - LoginPage - INFO: Clicked on element with locator: commit locatorType: name
03/07/2020 01:42:43 AM - LoginPage - INFO: Element not found with locator: //*[@id='navbar']//span[text()='User Settings'] and  locatorType: xpath
03/07/2020 01:42:43 AM - LoginPage - INFO: Element not found
03/07/2020 01:59:39 AM - LoginPage - INFO: Element found with locator: Login and  locatorType: link
03/07/2020 01:59:39 AM - LoginPage - INFO: Clicked on element with locator: Login locatorType: link
03/07/2020 01:59:43 AM - LoginPage - INFO: Element found with locator: user_email and  locatorType: id
03/07/2020 01:59:43 AM - LoginPage - INFO: Element found with locator: user_password and  locatorType: id
03/07/2020 01:59:43 AM - LoginPage - INFO: Element found with locator: user_email and  locatorType: id
03/07/2020 01:59:43 AM - LoginPage - INFO: Sent data on element with locator: user_email locatorType: id
03/07/2020 01:59:43 AM - LoginPage - INFO: Element found with locator: user_password and  locatorType: id
03/07/2020 01:59:43 AM - LoginPage - INFO: Sent data on element with locator: user_password locatorType: id
03/07/2020 01:59:44 AM - LoginPage - INFO: Element found with locator: commit and  locatorType: name
03/07/2020 01:59:48 AM - LoginPage - INFO: Clicked on element with locator: commit locatorType: name
03/07/2020 01:59:54 AM - LoginPage - INFO: Element not found with locator: //*[@id='navbar']//span[text()='User Settings'] and  locatorType: xpath
03/07/2020 01:59:54 AM - LoginPage - INFO: Element not found
03/07/2020 02:01:50 AM - LoginPage - INFO: Element found with locator: Login and  locatorType: link
03/07/2020 02:01:51 AM - LoginPage - INFO: Clicked on element with locator: Login locatorType: link
03/07/2020 02:01:55 AM - LoginPage - INFO: Element found with locator: user_email and  locatorType: id
03/07/2020 02:01:55 AM - LoginPage - INFO: Element found with locator: user_password and  locatorType: id
03/07/2020 02:01:56 AM - LoginPage - INFO: Element found with locator: user_email and  locatorType: id
03/07/2020 02:01:56 AM - LoginPage - INFO: Sent data on element with locator: user_email locatorType: id
03/07/2020 02:01:56 AM - LoginPage - INFO: Element found with locator: user_password and  locatorType: id
03/07/2020 02:01:56 AM - LoginPage - INFO: Sent data on element with locator: user_password locatorType: id
03/07/2020 02:01:56 AM - LoginPage - INFO: Element found with locator: commit and  locatorType: name
03/07/2020 02:02:01 AM - LoginPage - INFO: Clicked on element with locator: commit locatorType: name
03/07/2020 02:02:07 AM - LoginPage - INFO: Element not found with locator: //*[@id='navbar']//span[text()='User Settings'] and  locatorType: xpath
03/07/2020 02:02:07 AM - LoginPage - INFO: Element not found
03/07/2020 02:13:05 AM - LoginPage - INFO: Element found with locator: Login and  locatorType: link
03/07/2020 02:13:05 AM - LoginPage - INFO: Clicked on element with locator: Login locatorType: link
03/07/2020 02:13:09 AM - LoginPage - INFO: Element found with locator: user_email and  locatorType: id
03/07/2020 02:13:09 AM - LoginPage - INFO: Element found with locator: user_password and  locatorType: id
03/07/2020 02:13:09 AM - LoginPage - INFO: Element found with locator: user_email and  locatorType: id
03/07/2020 02:13:09 AM - LoginPage - INFO: Sent data on element with locator: user_email locatorType: id
03/07/2020 02:13:09 AM - LoginPage - INFO: Element found with locator: user_password and  locatorType: id
03/07/2020 02:13:09 AM - LoginPage - INFO: Sent data on element with locator: user_password locatorType: id
03/07/2020 02:13:09 AM - LoginPage - INFO: Element found with locator: commit and  locatorType: name
03/07/2020 02:13:15 AM - LoginPage - INFO: Clicked on element with locator: commit locatorType: name
03/07/2020 02:13:21 AM - LoginPage - INFO: Element not found with locator: //*[@id='navbar']//span[text()='User Settings'] and  locatorType: xpath
03/07/2020 02:13:21 AM - LoginPage - INFO: Element not found
03/07/2020 02:34:32 AM - LoginPage - INFO: Element found with locator: Login and  locatorType: link
03/07/2020 02:34:32 AM - LoginPage - INFO: Clicked on element with locator: Login locatorType: link
03/07/2020 02:34:34 AM - LoginPage - INFO: Element found with locator: user_email and  locatorType: id
03/07/2020 02:34:34 AM - LoginPage - INFO: Element found with locator: user_password and  locatorType: id
03/07/2020 02:34:34 AM - LoginPage - INFO: Element found with locator: user_email and  locatorType: id
03/07/2020 02:34:34 AM - LoginPage - INFO: Sent data on element with locator: user_email locatorType: id
03/07/2020 02:34:34 AM - LoginPage - INFO: Element found with locator: user_password and  locatorType: id
03/07/2020 02:34:34 AM - LoginPage - INFO: Sent data on element with locator: user_password locatorType: id
03/07/2020 02:34:34 AM - LoginPage - INFO: Element found with locator: commit and  locatorType: name
03/07/2020 02:34:37 AM - LoginPage - INFO: Clicked on element with locator: commit locatorType: name
03/07/2020 02:34:37 AM - LoginPage - INFO: Element found with locator: //div[contains(text(),'Invalid email or password')] and  locatorType: xpath
03/07/2020 02:34:37 AM - LoginPage - INFO: Element Found
03/07/2020 02:34:43 AM - LoginPage - INFO: Element not found with locator: Login and  locatorType: link
03/07/2020 02:34:43 AM - LoginPage - INFO: Cannot click on the element with locator: Login locatorType: link
03/07/2020 02:34:43 AM - LoginPage - INFO: Element found with locator: user_email and  locatorType: id
03/07/2020 02:34:43 AM - LoginPage - INFO: Element found with locator: user_password and  locatorType: id
03/07/2020 02:34:43 AM - LoginPage - INFO: Element found with locator: user_email and  locatorType: id
03/07/2020 02:34:43 AM - LoginPage - INFO: Sent data on element with locator: user_email locatorType: id
03/07/2020 02:34:43 AM - LoginPage - INFO: Element found with locator: user_password and  locatorType: id
03/07/2020 02:34:43 AM - LoginPage - INFO: Sent data on element with locator: user_password locatorType: id
03/07/2020 02:34:43 AM - LoginPage - INFO: Element found with locator: commit and  locatorType: name
03/07/2020 02:34:47 AM - LoginPage - INFO: Clicked on element with locator: commit locatorType: name
03/07/2020 02:34:53 AM - LoginPage - INFO: Element not found with locator: //*[@id='navbar']//span[text()='User Settings'] and  locatorType: xpath
03/07/2020 02:34:53 AM - LoginPage - INFO: Element not found
03/07/2020 02:35:45 AM - LoginPage - INFO: Element found with locator: Login and  locatorType: link
03/07/2020 02:35:45 AM - LoginPage - INFO: Clicked on element with locator: Login locatorType: link
03/07/2020 02:35:48 AM - LoginPage - INFO: Element found with locator: user_email and  locatorType: id
03/07/2020 02:35:48 AM - LoginPage - INFO: Element found with locator: user_password and  locatorType: id
03/07/2020 02:35:48 AM - LoginPage - INFO: Element found with locator: user_email and  locatorType: id
03/07/2020 02:35:48 AM - LoginPage - INFO: Sent data on element with locator: user_email locatorType: id
03/07/2020 02:35:48 AM - LoginPage - INFO: Element found with locator: user_password and  locatorType: id
03/07/2020 02:35:48 AM - LoginPage - INFO: Sent data on element with locator: user_password locatorType: id
03/07/2020 02:35:48 AM - LoginPage - INFO: Element found with locator: commit and  locatorType: name
03/07/2020 02:35:51 AM - LoginPage - INFO: Clicked on element with locator: commit locatorType: name
03/07/2020 02:35:51 AM - LoginPage - INFO: Element found with locator: //div[contains(text(),'Invalid email or password')] and  locatorType: xpath
03/07/2020 02:35:51 AM - LoginPage - INFO: Element Found
03/07/2020 02:35:57 AM - LoginPage - INFO: Element not found with locator: Login and  locatorType: link
03/07/2020 02:35:57 AM - LoginPage - INFO: Cannot click on the element with locator: Login locatorType: link
03/07/2020 02:35:57 AM - LoginPage - INFO: Element found with locator: user_email and  locatorType: id
03/07/2020 02:35:57 AM - LoginPage - INFO: Element found with locator: user_password and  locatorType: id
03/07/2020 02:35:57 AM - LoginPage - INFO: Element found with locator: user_email and  locatorType: id
03/07/2020 02:35:57 AM - LoginPage - INFO: Sent data on element with locator: user_email locatorType: id
03/07/2020 02:35:57 AM - LoginPage - INFO: Element found with locator: user_password and  locatorType: id
03/07/2020 02:35:57 AM - LoginPage - INFO: Sent data on element with locator: user_password locatorType: id
03/07/2020 02:35:57 AM - LoginPage - INFO: Element found with locator: commit and  locatorType: name
03/07/2020 02:36:00 AM - LoginPage - INFO: Clicked on element with locator: commit locatorType: name
03/07/2020 02:36:07 AM - LoginPage - INFO: Element not found with locator: //*[@id='navbar']//span[text()='User Settings'] and  locatorType: xpath
03/07/2020 02:36:07 AM - LoginPage - INFO: Element not found
03/07/2020 02:37:13 AM - LoginPage - INFO: Element found with locator: Login and  locatorType: link
03/07/2020 02:37:16 AM - LoginPage - INFO: Clicked on element with locator: Login locatorType: link
03/07/2020 02:37:17 AM - LoginPage - INFO: Element found with locator: user_email and  locatorType: id
03/07/2020 02:37:17 AM - LoginPage - INFO: Element found with locator: user_password and  locatorType: id
03/07/2020 02:37:17 AM - LoginPage - INFO: Element found with locator: user_email and  locatorType: id
03/07/2020 02:37:17 AM - LoginPage - INFO: Sent data on element with locator: user_email locatorType: id
03/07/2020 02:37:17 AM - LoginPage - INFO: Element found with locator: user_password and  locatorType: id
03/07/2020 02:37:17 AM - LoginPage - INFO: Sent data on element with locator: user_password locatorType: id
03/07/2020 02:37:17 AM - LoginPage - INFO: Element found with locator: commit and  locatorType: name
03/07/2020 02:37:18 AM - LoginPage - INFO: Clicked on element with locator: commit locatorType: name
03/07/2020 02:37:19 AM - LoginPage - INFO: Element found with locator: //div[contains(text(),'Invalid email or password')] and  locatorType: xpath
03/07/2020 02:37:19 AM - LoginPage - INFO: Element Found
03/07/2020 02:37:25 AM - LoginPage - INFO: Element not found with locator: Login and  locatorType: link
03/07/2020 02:37:25 AM - LoginPage - INFO: Cannot click on the element with locator: Login locatorType: link
03/07/2020 02:37:25 AM - LoginPage - INFO: Element found with locator: user_email and  locatorType: id
03/07/2020 02:37:25 AM - LoginPage - INFO: Element found with locator: user_password and  locatorType: id
03/07/2020 02:37:25 AM - LoginPage - INFO: Element found with locator: user_email and  locatorType: id
03/07/2020 02:37:25 AM - LoginPage - INFO: Sent data on element with locator: user_email locatorType: id
03/07/2020 02:37:25 AM - LoginPage - INFO: Element found with locator: user_password and  locatorType: id
03/07/2020 02:37:25 AM - LoginPage - INFO: Sent data on element with locator: user_password locatorType: id
03/07/2020 02:37:25 AM - LoginPage - INFO: Element found with locator: commit and  locatorType: name
03/07/2020 02:37:28 AM - LoginPage - INFO: Clicked on element with locator: commit locatorType: name
03/07/2020 02:37:34 AM - LoginPage - INFO: Element not found with locator: //*[@id='navbar']//span[text()='User Settings'] and  locatorType: xpath
03/07/2020 02:37:34 AM - LoginPage - INFO: Element not found
03/09/2020 11:45:56 AM - LoginPage - INFO: Element found with locator: Login and  locatorType: link
03/09/2020 11:45:56 AM - LoginPage - INFO: Clicked on element with locator: Login locatorType: link
03/09/2020 11:45:58 AM - LoginPage - INFO: Element found with locator: user_email and  locatorType: id
03/09/2020 11:45:58 AM - LoginPage - INFO: Sent data on element with locator: user_email locatorType: id
03/09/2020 11:45:58 AM - LoginPage - INFO: Element found with locator: user_password and  locatorType: id
03/09/2020 11:45:58 AM - LoginPage - INFO: Sent data on element with locator: user_password locatorType: id
03/09/2020 11:45:58 AM - LoginPage - INFO: Element found with locator: commit and  locatorType: name
03/09/2020 11:46:00 AM - LoginPage - INFO: Clicked on element with locator: commit locatorType: name
03/09/2020 11:46:00 AM - LoginPage - INFO: Element found with locator: //div[contains(text(),'Invalid email or password')] and  locatorType: xpath
03/09/2020 11:46:00 AM - LoginPage - INFO: Element Found
03/09/2020 11:46:07 AM - LoginPage - INFO: Element not found with locator: Login and  locatorType: link
03/09/2020 11:46:07 AM - LoginPage - INFO: Cannot click on the element with locator: Login locatorType: link
03/09/2020 11:46:07 AM - LoginPage - INFO: Element found with locator: user_email and  locatorType: id
03/09/2020 11:46:07 AM - LoginPage - INFO: Sent data on element with locator: user_email locatorType: id
03/09/2020 11:46:07 AM - LoginPage - INFO: Element found with locator: user_password and  locatorType: id
03/09/2020 11:46:07 AM - LoginPage - INFO: Sent data on element with locator: user_password locatorType: id
03/09/2020 11:46:07 AM - LoginPage - INFO: Element found with locator: commit and  locatorType: name
03/09/2020 11:46:07 AM - LoginPage - INFO: Clicked on element with locator: commit locatorType: name
03/09/2020 11:46:14 AM - LoginPage - INFO: Element not found with locator: //*[@id='navbar']//span[text()='User Settings'] and  locatorType: xpath
03/09/2020 11:46:14 AM - LoginPage - INFO: Element not found
03/10/2020 02:16:26 PM - LoginPage - INFO: Element found with locator: Login and  locatorType: link
03/10/2020 02:16:26 PM - LoginPage - INFO: Clicked on element with locator: Login locatorType: link
03/10/2020 02:16:31 PM - LoginPage - INFO: Element found with locator: user_email and  locatorType: id
03/10/2020 02:16:31 PM - LoginPage - INFO: Sent data on element with locator: user_email locatorType: id
03/10/2020 02:16:31 PM - LoginPage - INFO: Element found with locator: user_password and  locatorType: id
03/10/2020 02:16:31 PM - LoginPage - INFO: Sent data on element with locator: user_password locatorType: id
03/10/2020 02:16:31 PM - LoginPage - INFO: Element found with locator: commit and  locatorType: name
03/10/2020 02:16:34 PM - LoginPage - INFO: Clicked on element with locator: commit locatorType: name
03/10/2020 02:16:34 PM - LoginPage - INFO: Element found with locator: //div[contains(text(),'Invalid email or password')] and  locatorType: xpath
03/10/2020 02:16:34 PM - LoginPage - INFO: Element Found
03/10/2020 02:16:42 PM - LoginPage - INFO: Element not found with locator: Login and  locatorType: link
03/10/2020 02:16:42 PM - LoginPage - INFO: Cannot click on the element with locator: Login locatorType: link
03/10/2020 02:16:42 PM - LoginPage - INFO: Element found with locator: user_email and  locatorType: id
03/10/2020 02:16:42 PM - LoginPage - INFO: Sent data on element with locator: user_email locatorType: id
03/10/2020 02:16:42 PM - LoginPage - INFO: Element found with locator: user_password and  locatorType: id
03/10/2020 02:16:42 PM - LoginPage - INFO: Sent data on element with locator: user_password locatorType: id
03/10/2020 02:16:42 PM - LoginPage - INFO: Element found with locator: commit and  locatorType: name
03/10/2020 02:16:42 PM - LoginPage - INFO: Clicked on element with locator: commit locatorType: name
03/10/2020 02:17:22 PM - LoginPage - INFO: Element found with locator: Login and  locatorType: link
03/10/2020 02:17:22 PM - LoginPage - INFO: Clicked on element with locator: Login locatorType: link
03/10/2020 02:17:28 PM - LoginPage - INFO: Element found with locator: user_email and  locatorType: id
03/10/2020 02:17:28 PM - LoginPage - INFO: Sent data on element with locator: user_email locatorType: id
03/10/2020 02:17:28 PM - LoginPage - INFO: Element found with locator: user_password and  locatorType: id
03/10/2020 02:17:28 PM - LoginPage - INFO: Sent data on element with locator: user_password locatorType: id
03/10/2020 02:17:28 PM - LoginPage - INFO: Element found with locator: commit and  locatorType: name
03/10/2020 02:17:32 PM - LoginPage - INFO: Clicked on element with locator: commit locatorType: name
03/10/2020 02:17:32 PM - LoginPage - INFO: Element found with locator: //div[contains(text(),'Invalid email or password')] and  locatorType: xpath
03/10/2020 02:17:32 PM - LoginPage - INFO: Element Found
03/10/2020 02:17:39 PM - LoginPage - INFO: Element not found with locator: Login and  locatorType: link
03/10/2020 02:17:39 PM - LoginPage - INFO: Cannot click on the element with locator: Login locatorType: link
03/10/2020 02:17:39 PM - LoginPage - INFO: Element found with locator: user_email and  locatorType: id
03/10/2020 02:17:39 PM - LoginPage - INFO: Sent data on element with locator: user_email locatorType: id
03/10/2020 02:17:39 PM - LoginPage - INFO: Element found with locator: user_password and  locatorType: id
03/10/2020 02:17:39 PM - LoginPage - INFO: Sent data on element with locator: user_password locatorType: id
03/10/2020 02:17:39 PM - LoginPage - INFO: Element found with locator: commit and  locatorType: name
03/10/2020 02:17:39 PM - LoginPage - INFO: Clicked on element with locator: commit locatorType: name
03/10/2020 02:17:47 PM - LoginPage - INFO: Element not found with locator: //*[@id='navbar']//span[text()='User Settings'] and  locatorType: xpath
03/10/2020 02:17:47 PM - LoginPage - INFO: Element not found
03/10/2020 02:18:16 PM - LoginPage - INFO: Element found with locator: Login and  locatorType: link
03/10/2020 02:18:17 PM - LoginPage - INFO: Clicked on element with locator: Login locatorType: link
03/10/2020 02:18:21 PM - LoginPage - INFO: Element found with locator: user_email and  locatorType: id
03/10/2020 02:18:21 PM - LoginPage - INFO: Sent data on element with locator: user_email locatorType: id
03/10/2020 02:18:21 PM - LoginPage - INFO: Element found with locator: user_password and  locatorType: id
03/10/2020 02:18:21 PM - LoginPage - INFO: Sent data on element with locator: user_password locatorType: id
03/10/2020 02:18:21 PM - LoginPage - INFO: Element found with locator: commit and  locatorType: name
03/10/2020 02:18:24 PM - LoginPage - INFO: Clicked on element with locator: commit locatorType: name
03/10/2020 02:18:25 PM - LoginPage - INFO: Element found with locator: //div[contains(text(),'Invalid email or password')] and  locatorType: xpath
03/10/2020 02:18:25 PM - LoginPage - INFO: Element Found
03/10/2020 02:18:32 PM - LoginPage - INFO: Element not found with locator: Login and  locatorType: link
03/10/2020 02:18:32 PM - LoginPage - INFO: Cannot click on the element with locator: Login locatorType: link
03/10/2020 02:18:32 PM - LoginPage - INFO: Element found with locator: user_email and  locatorType: id
03/10/2020 02:18:32 PM - LoginPage - INFO: Sent data on element with locator: user_email locatorType: id
03/10/2020 02:18:32 PM - LoginPage - INFO: Element found with locator: user_password and  locatorType: id
03/10/2020 02:18:32 PM - LoginPage - INFO: Sent data on element with locator: user_password locatorType: id
03/10/2020 02:18:32 PM - LoginPage - INFO: Element found with locator: commit and  locatorType: name
03/10/2020 02:18:32 PM - LoginPage - INFO: Clicked on element with locator: commit locatorType: name
03/10/2020 02:19:21 PM - LoginPage - INFO: Element found with locator: Login and  locatorType: link
03/10/2020 02:19:21 PM - LoginPage - INFO: Clicked on element with locator: Login locatorType: link
03/10/2020 02:19:23 PM - LoginPage - INFO: Element found with locator: user_email and  locatorType: id
03/10/2020 02:19:24 PM - LoginPage - INFO: Sent data on element with locator: user_email locatorType: id
03/10/2020 02:19:24 PM - LoginPage - INFO: Element found with locator: user_password and  locatorType: id
03/10/2020 02:19:24 PM - LoginPage - INFO: Sent data on element with locator: user_password locatorType: id
03/10/2020 02:19:24 PM - LoginPage - INFO: Element found with locator: commit and  locatorType: name
03/10/2020 02:19:26 PM - LoginPage - INFO: Clicked on element with locator: commit locatorType: name
03/10/2020 02:19:27 PM - LoginPage - INFO: Element found with locator: //div[contains(text(),'Invalid email or password')] and  locatorType: xpath
03/10/2020 02:19:27 PM - LoginPage - INFO: Element Found
03/10/2020 02:19:34 PM - LoginPage - INFO: Element not found with locator: Login and  locatorType: link
03/10/2020 02:19:34 PM - LoginPage - INFO: Cannot click on the element with locator: Login locatorType: link
03/10/2020 02:19:34 PM - LoginPage - INFO: Element found with locator: user_email and  locatorType: id
03/10/2020 02:19:34 PM - LoginPage - INFO: Sent data on element with locator: user_email locatorType: id
03/10/2020 02:19:34 PM - LoginPage - INFO: Element found with locator: user_password and  locatorType: id
03/10/2020 02:19:34 PM - LoginPage - INFO: Sent data on element with locator: user_password locatorType: id
03/10/2020 02:19:34 PM - LoginPage - INFO: Element found with locator: commit and  locatorType: name
03/10/2020 02:19:34 PM - LoginPage - INFO: Clicked on element with locator: commit locatorType: name
03/10/2020 02:20:32 PM - LoginPage - INFO: Element found with locator: Login and  locatorType: link
03/10/2020 02:20:32 PM - LoginPage - INFO: Clicked on element with locator: Login locatorType: link
03/10/2020 02:20:36 PM - LoginPage - INFO: Element found with locator: user_email and  locatorType: id
03/10/2020 02:20:36 PM - LoginPage - INFO: Sent data on element with locator: user_email locatorType: id
03/10/2020 02:20:36 PM - LoginPage - INFO: Element found with locator: user_password and  locatorType: id
03/10/2020 02:20:36 PM - LoginPage - INFO: Sent data on element with locator: user_password locatorType: id
03/10/2020 02:20:36 PM - LoginPage - INFO: Element found with locator: commit and  locatorType: name
03/10/2020 02:20:38 PM - LoginPage - INFO: Clicked on element with locator: commit locatorType: name
03/10/2020 02:20:39 PM - LoginPage - INFO: Element found with locator: //div[contains(text(),'Invalid email or password')] and  locatorType: xpath
03/10/2020 02:20:39 PM - LoginPage - INFO: Element Found
03/10/2020 02:20:46 PM - LoginPage - INFO: Element not found with locator: Login and  locatorType: link
03/10/2020 02:20:46 PM - LoginPage - INFO: Cannot click on the element with locator: Login locatorType: link
03/10/2020 02:20:46 PM - LoginPage - INFO: Element found with locator: user_email and  locatorType: id
03/10/2020 02:20:46 PM - LoginPage - INFO: Sent data on element with locator: user_email locatorType: id
03/10/2020 02:20:46 PM - LoginPage - INFO: Element found with locator: user_password and  locatorType: id
03/10/2020 02:20:46 PM - LoginPage - INFO: Sent data on element with locator: user_password locatorType: id
03/10/2020 02:20:46 PM - LoginPage - INFO: Element found with locator: commit and  locatorType: name
03/10/2020 02:20:46 PM - LoginPage - INFO: Clicked on element with locator: commit locatorType: name
